<?xml version="1.0" encoding="UTF-8"?>
<testsuite name="mohaax"
           tests="16"
           failures="0"
           errors="0"
           skipped="0"
           time="27.788">
    <properties></properties>



            <testcase
                name="testInvalidRegisterData"
                time="2.017"
                classname="SignUpTest">
            </testcase>
            <testcase
                name="testInvalidRegisterData"
                time="1.167"
                classname="SignUpTest">
            </testcase>
            <testcase
                name="testSuccessfulRegistration"
                time="2.030"
                classname="SignUpTest">
            </testcase>
            <testcase
                name="testSuccessfulRegistration"
                time="2.122"
                classname="SignUpTest">
            </testcase>
            <testcase
                name="testSuccessfulRegistration"
                time="2.318"
                classname="SignUpTest">
            </testcase>
            <testcase
                name="testSuccessfulRegistration"
                time="1.442"
                classname="SignUpTest">
            </testcase>
            <testcase
                name="testSuccessfulRegistration"
                time="1.902"
                classname="SignUpTest">
            </testcase>
            <testcase
                name="testInvalidRegisterData"
                time="1.390"
                classname="SignUpTest">
            </testcase>
            <testcase
                name="testGetEmailValidationMessage"
                time="2.246"
                classname="SignUpTest">
            </testcase>
            <testcase
                name="testSuccessfulRegistration"
                time="1.524"
                classname="SignUpTest">
            </testcase>
            <testcase
                name="testInvalidRegisterData"
                time="1.388"
                classname="SignUpTest">
            </testcase>
            <testcase
                name="testInvalidRegisterData"
                time="1.376"
                classname="SignUpTest">
            </testcase>
            <testcase
                name="testInvalidRegisterData"
                time="1.252"
                classname="SignUpTest">
            </testcase>
            <testcase
                name="testInvalidRegisterData"
                time="1.391"
                classname="SignUpTest">
            </testcase>
            <testcase
                name="testInvalidRegisterData"
                time="1.750"
                classname="SignUpTest">
            </testcase>
            <testcase
                name="testInvalidRegisterData"
                time="2.473"
                classname="SignUpTest">
            </testcase>
</testsuite>
